<?xml version="1.0" encoding="UTF-8"?>
<!-- Generated by org.testng.reporters.JUnitReportReporter -->
<testsuite hostname="DESKTOP-MAPJBAS" failures="0" tests="1" name="samples.PathAndQueryParameter" time="3.839" errors="0" timestamp="2024-08-15T17:51:18 IST" skipped="0">
  <testcase classname="samples.PathAndQueryParameter" name="getSingleUser" time="3.839"/>
</testsuite> <!-- samples.PathAndQueryParameter -->
