<?xml version="1.0" encoding="UTF-8"?>
<!-- Generated by org.testng.reporters.JUnitReportReporter -->
<testsuite hostname="DESKTOP-MAPJBAS" failures="0" tests="4" name="samples.UsingPojoClassData" time="1.453" errors="0" timestamp="2024-08-31T12:22:25 IST" skipped="0">
  <testcase classname="samples.UsingPojoClassData" name="getUserList" time="0.083"/>
  <testcase classname="samples.UsingPojoClassData" name="createUser" time="0.433"/>
  <testcase classname="samples.UsingPojoClassData" name="updateUser" time="0.474"/>
  <testcase classname="samples.UsingPojoClassData" name="deleteUser" time="0.463"/>
</testsuite> <!-- samples.UsingPojoClassData -->
