<?xml version="1.0" encoding="UTF-8"?>
<!-- Generated by org.testng.reporters.JUnitReportReporter -->
<testsuite hostname="DESKTOP-MAPJBAS" failures="0" tests="3" name="samples.HeadersDemo" time="3.716" errors="0" timestamp="2024-08-15T19:58:05 IST" skipped="0">
  <testcase classname="samples.HeadersDemo" name="getHeadersvalue" time="0.313"/>
  <testcase classname="samples.HeadersDemo" name="logprint" time="0.312"/>
  <testcase classname="samples.HeadersDemo" name="getHeaders" time="3.091"/>
</testsuite> <!-- samples.HeadersDemo -->
