<?xml version="1.0" encoding="UTF-8"?>
<!-- Generated by org.testng.reporters.JUnitReportReporter -->
<testsuite hostname="DESKTOP-MAPJBAS" failures="0" tests="4" name="samples.UsingExternalJsonFile" time="6.241" errors="0" timestamp="2024-08-15T17:22:19 IST" skipped="0">
  <testcase classname="samples.UsingExternalJsonFile" name="getUserList" time="4.434"/>
  <testcase classname="samples.UsingExternalJsonFile" name="createUser" time="0.502"/>
  <testcase classname="samples.UsingExternalJsonFile" name="updateUser" time="0.975"/>
  <testcase classname="samples.UsingExternalJsonFile" name="deleteUser" time="0.330"/>
</testsuite> <!-- samples.UsingExternalJsonFile -->
