<?xml version="1.0" encoding="UTF-8"?>
<!-- Generated by org.testng.reporters.JUnitReportReporter -->
<testsuite hostname="DESKTOP-MAPJBAS" failures="0" tests="3" name="samples.AuthorizationTest" time="7.605" errors="0" timestamp="2024-08-16T15:17:52 IST" skipped="0">
  <testcase classname="samples.AuthorizationTest" name="preemptiveAuthorization" time="1.106"/>
  <testcase classname="samples.AuthorizationTest" name="basicAuthorization" time="5.185"/>
  <testcase classname="samples.AuthorizationTest" name="digestAuthorization" time="1.314"/>
</testsuite> <!-- samples.AuthorizationTest -->
