<?xml version="1.0" encoding="UTF-8"?>
<!-- Generated by org.testng.reporters.JUnitReportReporter -->
<testsuite hostname="DESKTOP-MAPJBAS" failures="0" tests="4" name="samples.Example1" time="1.427" errors="0" timestamp="2024-08-31T12:22:25 IST" skipped="0">
  <testcase classname="samples.Example1" name="getUserList" time="0.112"/>
  <testcase classname="samples.Example1" name="createUser" time="0.440"/>
  <testcase classname="samples.Example1" name="updateUser" time="0.508"/>
  <testcase classname="samples.Example1" name="deleteUser" time="0.367"/>
</testsuite> <!-- samples.Example1 -->
