<?xml version="1.0" encoding="UTF-8"?>
<!-- Generated by org.testng.reporters.JUnitReportReporter -->
<testsuite hostname="DESKTOP-MAPJBAS" failures="0" tests="3" name="samples.AuthorizationTest" time="8.111" errors="0" timestamp="2024-08-31T12:22:25 IST" skipped="0">
  <testcase classname="samples.AuthorizationTest" name="basicAuthorization" time="5.228"/>
  <testcase classname="samples.AuthorizationTest" name="preemptiveAuthorization" time="1.209"/>
  <testcase classname="samples.AuthorizationTest" name="digestAuthorization" time="1.674"/>
</testsuite> <!-- samples.AuthorizationTest -->
