<?xml version="1.0" encoding="UTF-8"?>
<!-- Generated by org.testng.reporters.JUnitReportReporter -->
<testsuite hostname="DESKTOP-MAPJBAS" failures="0" tests="1" name="samples.PathAndQueryParameter" time="0.445" errors="0" timestamp="2024-08-31T12:22:25 IST" skipped="0">
  <testcase classname="samples.PathAndQueryParameter" name="getSingleUser" time="0.445"/>
</testsuite> <!-- samples.PathAndQueryParameter -->
