<?xml version="1.0" encoding="UTF-8"?>
<!-- Generated by org.testng.reporters.JUnitReportReporter -->
<testsuite hostname="DESKTOP-MAPJBAS" failures="0" tests="3" name="samples.HeadersDemo" time="1.877" errors="0" timestamp="2024-08-31T12:22:25 IST" skipped="0">
  <testcase classname="samples.HeadersDemo" name="logprint" time="0.610"/>
  <testcase classname="samples.HeadersDemo" name="getHeadersvalue" time="0.644"/>
  <testcase classname="samples.HeadersDemo" name="getHeaders" time="0.623"/>
</testsuite> <!-- samples.HeadersDemo -->
