<?xml version="1.0" encoding="UTF-8"?>
<!-- Generated by org.testng.reporters.JUnitReportReporter -->
<testsuite hostname="DESKTOP-MAPJBAS" failures="0" tests="1" name="samples.JsonSchemaValidatorDemo" time="4.057" errors="0" timestamp="2024-08-16T12:40:29 IST" skipped="0">
  <testcase classname="samples.JsonSchemaValidatorDemo" name="getUsers" time="4.057"/>
</testsuite> <!-- samples.JsonSchemaValidatorDemo -->
