<?xml version="1.0" encoding="UTF-8"?>
<!-- Generated by org.testng.reporters.JUnitReportReporter -->
<testsuite hostname="DESKTOP-MAPJBAS" failures="0" tests="1" name="samples.FakerClassDataGenerate" time="0.396" errors="0" timestamp="2024-08-16T15:49:05 IST" skipped="0">
  <testcase classname="samples.FakerClassDataGenerate" name="fakerDataGeneration" time="0.396"/>
</testsuite> <!-- samples.FakerClassDataGenerate -->
