<?xml version="1.0" encoding="UTF-8"?>
<!-- Generated by org.testng.reporters.JUnitReportReporter -->
<testsuite hostname="DESKTOP-MAPJBAS" failures="0" tests="1" name="samples.Cookies" time="3.098" errors="0" timestamp="2024-08-15T18:42:55 IST" skipped="0">
  <testcase classname="samples.Cookies" name="getCookies" time="3.098"/>
</testsuite> <!-- samples.Cookies -->
