<?xml version="1.0" encoding="UTF-8"?>
<!-- Generated by org.testng.reporters.JUnitReportReporter -->
<testsuite hostname="DESKTOP-MAPJBAS" failures="0" tests="4" name="samples.UsingPojoClassData" time="5.746" errors="0" timestamp="2024-08-15T12:55:16 IST" skipped="0">
  <testcase classname="samples.UsingPojoClassData" name="getUserList" time="4.002"/>
  <testcase classname="samples.UsingPojoClassData" name="createUser" time="1.001"/>
  <testcase classname="samples.UsingPojoClassData" name="updateUser" time="0.389"/>
  <testcase classname="samples.UsingPojoClassData" name="deleteUser" time="0.354"/>
</testsuite> <!-- samples.UsingPojoClassData -->
