<?xml version="1.0" encoding="UTF-8"?>
<!-- Generated by org.testng.reporters.JUnitReportReporter -->
<testsuite hostname="DESKTOP-MAPJBAS" failures="0" tests="4" name="samples.Example1" time="6.088" errors="0" timestamp="2024-08-15T12:34:47 IST" skipped="0">
  <testcase classname="samples.Example1" name="getUserList" time="4.158"/>
  <testcase classname="samples.Example1" name="createUser" time="0.527"/>
  <testcase classname="samples.Example1" name="updateUser" time="0.983"/>
  <testcase classname="samples.Example1" name="deleteUser" time="0.420"/>
</testsuite> <!-- samples.Example1 -->
