<?xml version="1.0" encoding="UTF-8"?>
<!-- Generated by org.testng.reporters.JUnitReportReporter -->
<testsuite hostname="DESKTOP-MAPJBAS" failures="0" tests="1" name="samples.JsonSchemaValidatorDemo" time="0.831" errors="0" timestamp="2024-08-31T12:22:25 IST" skipped="0">
  <testcase classname="samples.JsonSchemaValidatorDemo" name="getUsers" time="0.831"/>
</testsuite> <!-- samples.JsonSchemaValidatorDemo -->
