<?xml version="1.0" encoding="UTF-8"?>
<!-- Generated by org.testng.reporters.JUnitReportReporter -->
<testsuite hostname="DESKTOP-MAPJBAS" failures="0" tests="4" name="samples.UsingExternalJsonFile" time="1.170" errors="0" timestamp="2024-08-31T12:22:25 IST" skipped="0">
  <testcase classname="samples.UsingExternalJsonFile" name="getUserList" time="0.103"/>
  <testcase classname="samples.UsingExternalJsonFile" name="createUser" time="0.372"/>
  <testcase classname="samples.UsingExternalJsonFile" name="updateUser" time="0.337"/>
  <testcase classname="samples.UsingExternalJsonFile" name="deleteUser" time="0.358"/>
</testsuite> <!-- samples.UsingExternalJsonFile -->
