<?xml version="1.0" encoding="UTF-8"?>
<!-- Generated by org.testng.reporters.JUnitReportReporter -->
<testsuite hostname="DESKTOP-MAPJBAS" failures="0" tests="2" name="samples.Headers" time="3.484" errors="0" timestamp="2024-08-15T19:01:44 IST" skipped="0">
  <testcase classname="samples.Headers" name="getHeadersvalue" time="0.298"/>
  <testcase classname="samples.Headers" name="getHeaders" time="3.186"/>
</testsuite> <!-- samples.Headers -->
